32 32
8.43843
7.39894
8.86079
7.82086
8.66064
6.50258
8.33399
8.84274
7.46158
9.05925
7.83094
8.96166
6.92349
8.08284
7.35537
10.0684
6.71487
8.85252
8.97964
8.49918
8.43848
8.17391
8.48084
9.64027
8.51025
8.33871
8.62868
8.08792
8.07934
9.47734
7.27686
7.10651
8.06885
7.21255
8.32016
7.41892
8.35584
6.13245
8.53977
8.95957
7.35947
8.64212
8.05808
8.38906
6.49638
8.52802
8.43917
10.0608
7.01044
8.24893
8.46887
7.63259
8.45355
7.62108
9.20791
8.64966
8.41945
8.15911
8.83363
8.76123
7.07253
10.3288
7.12115
6.18993
7.51654
6.09093
7.45441
7.0495
6.92883
5.57836
6.51289
6.7179
6.67937
7.96827
5.85662
7.42711
6.09514
5.8885
6.42182
8.0318
5.78817
7.3952
7.1308
6.93573
6.63856
7.12514
7.03361
7.44461
6.87764
6.11023
6.73654
6.50844
6.67744
8.2783
7.05767
5.51371
7.52997
5.85639
6.55777
6.1211
6.1861
4.48422
6.85854
6.3364
6.28448
7.90574
5.47944
7.31217
6.80918
5.2617
7.31962
6.74296
5.5278
8.82311
7.4399
6.84563
5.93151
6.20478
7.10655
8.0399
6.99797
6.39928
6.131
5.78702
5.99005
7.49302
6.01456
4.85684
9.08815
7.2775
9.63874
8.03021
7.74928
6.7179
8.1321
8.60877
7.99907
9.09876
7.37784
9.67493
7.72395
7.52213
8.04618
8.97978
6.96655
9.29127
9.39344
8.99551
8.23657
7.9545
7.52541
9.27237
7.65537
8.43018
8.44029
8.48035
7.76717
10.4311
7.43881
5.7115
8.05743
7.34212
8.17171
7.97629
8.21157
6.52748
7.7246
7.94972
7.30516
9.23731
7.05272
7.53198
7.14388
7.14122
7.59279
8.50447
6.70605
8.47184
8.95272
7.50144
8.30245
7.97913
7.93858
8.83413
7.52409
8.36131
7.08713
7.56841
6.677
9.1233
7.58838
6.55328
8.443
7.67838
9.79568
8.42547
8.51568
6.04798
8.48298
8.14047
7.65645
9.75604
6.79146
9.08322
6.83654
8.55115
8.41496
8.5166
7.18626
8.77472
8.48968
8.11347
8.31777
8.22636
8.54476
8.87971
8.29438
8.35322
8.66348
8.40942
8.76004
10.4325
7.29733
6.84511
7.26474
6.98638
8.97326
8.12103
7.656
5.51745
6.67865
7.81022
6.87217
8.79045
5.88823
8.06441
6.32215
6.68806
7.53519
8.28288
6.4894
7.73035
7.23936
7.1504
7.64544
7.60366
7.44112
8.49637
6.99193
8.0008
7.83591
7.44443
6.86784
9.55366
6.50743
5.98017
9.68029
9.49102
10.8362
9.78089
10.719
7.41777
10.1246
10.6898
8.18837
11.0754
9.29149
11.4422
8.81824
9.37975
9.83448
11.1979
7.25816
10.8381
11.2353
9.262
9.69228
8.71434
9.66877
11.4768
9.39705
10.2604
10.7145
9.81151
8.96165
12.1653
8.25553
7.44419
8.47231
6.48054
8.56097
6.59758
7.31489
5.01911
7.83629
7.45688
6.68223
8.33838
5.84529
8.08879
7.00602
6.69405
7.6517
7.6393
6.26063
7.61128
7.65271
7.58696
6.40822
7.50834
7.67871
8.58703
7.24233
6.70012
7.14197
6.30334
7.07318
9.03198
7.02924
5.32594
8.50799
8.16593
8.9536
8.87486
8.78373
6.73927
8.68877
9.25012
8.3767
10.665
8.72894
9.25054
8.71795
7.35947
8.45793
9.30013
6.16896
8.90909
10.7635
9.16898
7.80851
7.28605
8.26339
10.417
9.03288
9.08356
8.85289
7.81695
7.69612
10.1908
8.0445
6.0198
8.72193
8.42592
9.40489
9.02366
9.65085
7.19657
8.94995
8.89892
8.26003
9.73661
7.71205
9.54225
7.63839
8.48194
8.74375
10.3543
7.47496
9.63826
9.45397
8.90559
8.72796
8.51572
9.16329
9.89807
8.76103
8.39946
9.26083
9.36577
7.90918
11.7592
8.48091
6.79442
7.66186
7.45812
9.28551
7.95727
8.39815
6.87584
8.51344
8.54159
7.24686
8.90909
7.67855
8.80554
7.02714
7.97881
7.87132
8.84627
7.17475
8.70526
9.33764
7.77107
7.37056
7.49484
8.36936
8.98003
6.84801
7.93112
8.74901
9.5546
7.77817
10.6336
7.39436
5.62863
7.73791
7.77888
8.0052
8.11053
8.01495
5.71951
7.3393
7.97281
6.73495
8.62301
7.07926
8.33703
7.07705
7.36092
6.51099
8.51007
6.06048
8.05031
8.0735
7.99212
6.98941
7.22302
7.25417
9.33887
7.87194
8.26215
7.72616
7.02489
7.16628
8.73374
6.77335
6.03898
8.7273
7.18136
7.94194
8.10829
7.91131
6.17325
8.08499
8.38884
7.57224
8.35996
6.6832
8.97794
6.58159
7.19336
7.18933
8.53325
6.7669
8.56901
8.6179
7.43801
8.28453
7.3072
6.65045
8.2953
6.85885
7.20176
7.23306
7.70021
7.72562
10.0192
7.91175
5.29557
8.50584
6.45995
7.92865
6.85891
7.11315
5.41366
7.62348
7.53565
6.51215
8.37394
6.71817
7.39205
6.92451
6.14658
7.86432
7.3351
6.09609
8.28691
8.44562
7.54935
6.82726
6.94968
7.31576
9.40716
7.22209
7.28967
7.22128
7.15483
6.69278
8.64115
6.92919
5.26525
7.5703
7.63078
8.81866
7.98239
8.02336
5.59576
7.52302
8.33019
6.9811
8.67428
6.99358
8.6153
6.471
7.33653
7.71068
8.50921
6.13334
9.37341
8.64016
7.64917
7.15051
6.88597
7.53812
8.92397
7.89679
8.22658
8.141
8.0223
7.17086
9.6932
6.83867
6.04287
8.79358
8.03157
8.76939
8.96913
9.39981
7.26417
9.02208
8.86217
8.19753
9.91496
7.69804
9.9314
8.96407
8.88934
7.9006
10.6306
8.34866
9.19929
8.69024
9.1776
7.90167
9.11141
10.0719
10.7947
8.84366
8.49763
9.23342
8.9196
8.22051
10.8189
7.72754
6.7345
7.87057
6.34061
7.12094
7.39195
7.02947
5.34649
7.60667
7.61111
6.8262
7.78469
6.81458
8.11396
7.02673
6.28203
6.5919
7.92446
6.22097
7.25043
7.45142
6.82971
6.85754
6.64019
7.44397
8.5756
6.92491
6.94118
6.59236
7.03692
6.49514
8.85319
6.54856
5.21358
8.39744
7.54844
8.11843
8.07102
7.7003
6.12961
8.50751
7.96892
7.40837
8.17521
7.2531
8.12573
7.48305
6.63093
7.51074
8.18609
6.81345
8.43521
8.24928
7.64302
7.4662
7.18177
7.52053
8.85675
7.03739
7.73663
7.22884
7.9271
6.94362
10.1911
7.64225
4.84149
9.56791
8.59751
10.0285
9.85785
8.85044
7.3443
9.09872
8.74315
8.66909
10.4758
7.73333
9.18779
8.37173
8.56986
8.59881
10.1096
7.53264
8.92811
10.1995
10.1486
8.1662
8.67447
8.59433
10.5107
9.08682
9.86236
8.55082
8.17526
8.39935
10.4762
8.33145
6.62045
6.84357
6.65635
7.73595
7.01839
7.79555
5.35557
7.248
7.62889
6.56519
8.26568
6.1964
7.90623
6.1297
7.85916
6.08194
8.81719
6.54096
7.0505
6.66719
7.16662
6.7623
7.07003
7.71599
7.58663
6.96438
7.0688
7.63515
7.41261
7.1796
8.8159
6.09268
5.41122
7.98851
7.56858
8.17842
8.08386
8.0649
6.31435
7.82369
8.54487
7.1149
7.71545
7.10625
8.94876
6.42868
7.47759
6.84828
9.40112
6.1825
8.5672
8.4664
7.61173
8.11053
7.01504
6.69407
8.21374
6.95237
7.86095
7.94969
7.37356
7.3395
9.62811
7.18255
5.75878
9.60229
8.2043
8.9876
8.87138
9.19859
6.48894
9.18264
9.91608
8.40428
9.33188
8.20106
9.41138
7.2897
7.68445
8.62103
10.0529
6.7042
9.65006
9.97501
7.97979
8.60682
7.66918
8.55351
9.78613
8.45162
8.39409
9.38406
8.85023
7.37119
10.8848
8.58189
5.81486
7.8961
7.14147
8.23616
7.51502
7.78345
6.00323
8.25823
7.62498
6.48134
8.39985
6.92119
8.11736
7.38777
6.62315
7.45216
8.48695
6.12531
8.2677
8.51127
8.26215
6.34927
7.10179
7.77489
9.03083
7.10563
7.51035
7.95145
7.5291
7.02686
9.34547
6.76626
5.25044
7.74268
7.38182
8.02387
7.22938
7.97996
5.90844
7.7556
8.44548
6.34719
8.54322
7.12526
8.19388
7.2834
6.98331
7.7853
8.56094
5.97417
7.54841
8.89667
7.35763
8.24959
7.67304
7.66011
9.12987
7.43801
7.70076
7.55422
6.8963
6.78604
8.92827
6.90441
6.58722
7.81259
6.37736
7.43423
6.93123
7.31111
5.69484
8.03378
8.46347
7.59784
8.75847
7.55186
8.0275
7.02704
7.03128
7.47192
8.42011
5.87371
7.68508
8.97973
7.05245
6.83035
5.99309
7.10348
8.63502
6.86857
7.30682
7.41238
7.3
6.93582
9.20811
6.75972
5.2086
8.99824
6.85675
8.08048
7.73666
7.87258
6.4879
8.44726
8.50143
7.4782
8.57801
7.9536
8.49302
7.35825
6.76078
7.90824
8.8209
6.18477
8.02672
8.87322
7.11009
8.61049
7.02709
7.35701
8.90929
7.52985
7.56313
7.82701
7.10053
7.40215
9.35096
7.69221
5.02647
7.01607
7.57734
8.17342
7.89485
8.11528
6.44929
7.92067
7.92934
6.9535
8.46984
7.92751
7.92138
7.40462
7.59651
7.08087
9.09256
5.85966
7.98324
8.87877
7.36131
6.90935
6.50837
7.52418
8.55444
7.63583
8.39296
7.5902
7.02052
6.80035
9.17071
7.12732
5.47496
7.85654
7.46569
8.25152
8.45895
7.96732
6.29325
8.18186
8.36703
7.9503
9.1717
6.70294
8.45795
6.95302
7.81636
6.53484
8.89651
6.45366
8.6141
8.89932
7.38025
7.32496
7.58936
7.3867
8.28029
7.17168
8.24945
7.46321
7.78825
7.36736
9.32566
7.45555
6.21456
9.04179
7.13172
10.0541
9.35033
9.33311
7.39741
9.33229
8.96534
9.1141
10.6619
7.20745
8.74499
7.39024
9.0343
8.11604
9.99841
7.53559
9.40838
9.67181
8.60357
8.37152
8.73508
8.69758
9.75305
8.64119
9.48939
8.94714
8.62193
8.28176
10.5271
7.99246
6.71355
8.34405
6.67765
8.24946
7.37
7.86255
6.43597
8.5465
8.34479
6.78858
7.80597
7.45971
7.61691
7.09875
7.35409
8.08414
8.23694
6.09436
8.23379
9.20797
7.31217
7.26611
7.0094
7.7211
9.18218
7.28472
7.73988
8.19273
7.84723
6.72344
9.61593
6.98723
5.76399
