32 32
8.71593
10.1536
8.16709
7.71086
8.59858
7.54991
9.68011
8.07337
8.53783
9.21809
6.92213
7.59254
9.15341
7.59638
7.99175
7.4535
9.99541
8.09989
7.94411
8.88117
6.82987
8.79537
8.48231
7.33367
8.09335
7.53547
8.08703
9.01029
8.27349
8.09672
8.90361
9.04523
9.7031
8.98813
7.18328
7.51668
7.98128
8.06492
8.54153
8.96071
8.48372
9.21768
8.40358
6.70644
9.15352
8.22784
8.38569
6.64893
9.37313
7.23475
7.94608
9.27976
6.1471
8.67909
8.73212
6.68844
8.8389
7.15747
9.15178
8.03386
7.65566
7.33642
8.60771
9.00548
7.93219
7.79788
6.62529
6.68918
6.53813
6.51419
6.67855
7.35909
6.97387
8.06682
5.97131
5.56892
7.22622
6.7996
6.70057
6.0234
7.57496
6.01613
6.96111
7.15324
5.47255
8.33559
7.28111
5.78749
7.0764
6.81015
6.30226
9.04245
6.27193
6.72276
7.32987
7.13301
6.3
7.60759
6.31681
6.39197
5.65797
6.39061
6.64444
7.02114
5.73251
7.43097
6.58593
5.23814
5.70255
6.21222
6.11131
5.50341
7.77142
6.30303
6.50902
7.58282
6.44169
7.24878
6.86259
5.17812
6.99051
5.95727
5.89023
7.85214
6.37138
6.522
6.23851
7.84362
9.44228
9.17634
8.19286
8.18293
7.07677
7.83078
8.434
9.07922
7.07
9.37145
7.94703
6.63471
9.05407
7.69252
8.60024
7.19936
10.269
8.18029
8.70764
8.07591
7.43811
8.56065
7.14399
7.12888
8.04697
7.18491
8.88952
9.40271
7.69372
7.79436
8.76642
9.24004
8.64541
8.76919
7.73099
7.19538
7.80417
7.71081
7.91506
8.02091
8.27247
9.32029
6.75825
6.79081
8.48419
7.54335
8.00597
7.08777
9.63481
6.9661
8.3162
8.67801
7.44712
8.13935
7.90992
6.5128
8.82252
6.86152
6.93639
8.45072
7.92326
7.12544
8.10942
9.20101
8.59711
9.03649
7.45919
8.34235
8.00353
7.78029
8.66811
9.27328
8.67226
9.89595
8.42325
7.60735
8.55904
7.91327
8.72758
7.05214
10.4784
8.02429
7.77523
8.53116
7.44854
9.75954
8.21701
7.22916
8.81447
7.06014
9.2698
9.26475
8.02055
8.55541
9.38333
8.26813
7.6121
7.78024
6.09432
6.5277
7.26273
7.46653
8.10138
8.62115
7.43765
9.29576
7.37589
6.90914
7.89718
7.50386
7.28865
6.31209
9.36998
6.76045
8.4452
7.60755
5.9895
8.11711
7.73241
5.91114
8.14617
5.65211
8.40336
8.07083
7.48817
6.93029
7.8973
7.58515
9.83546
10.9294
8.4954
9.56362
9.76595
9.91497
10.9514
10.1254
9.6098
10.943
8.7827
8.84014
9.65275
8.61701
9.53651
8.05728
12.7178
9.58102
10.058
10.2362
8.56159
10.105
9.90688
8.35319
10.2667
7.91636
10.1134
10.4143
10.0128
9.75337
10.1977
10.1124
7.25088
7.31027
6.25612
7.76848
6.35371
7.06829
7.36018
7.91294
6.39875
8.80451
7.1493
5.63885
6.89849
6.73721
6.07911
6.00082
8.05585
7.0241
7.16495
7.80109
6.51216
8.15552
7.14403
6.58119
7.51365
5.99487
7.84182
8.65117
6.89483
7.58132
7.91267
7.36705
8.72313
9.52025
8.07053
8.25582
8.30565
9.09195
8.99951
8.43881
7.0816
9.55891
8.22547
7.55288
8.59816
6.95483
8.06116
7.56088
11.108
7.5847
9.02712
8.40455
7.78154
9.20197
8.78074
6.49788
9.52728
8.14079
8.70505
10.5885
8.55656
8.94825
9.61864
8.93486
9.49147
10.1068
7.56534
8.24917
8.13425
8.61538
9.45818
8.94337
8.84689
10.4513
8.07946
8.33709
8.909
8.04846
8.05928
7.66372
10.9562
8.01433
8.9246
9.11613
7.44588
10.1601
9.5144
6.94553
9.54614
8.01727
8.62715
9.86517
7.57604
9.07433
8.59275
9.37274
8.37553
9.51158
7.58662
8.15468
7.60182
7.87877
8.36311
8.03823
8.05853
9.32766
7.89041
7.71163
8.04252
6.27533
7.77469
7.10008
10.0447
7.57682
8.32145
8.35689
6.94174
8.64344
7.31066
7.13813
8.39544
6.77564
8.82177
8.74832
7.14919
7.64388
8.72941
8.14425
8.02318
8.84288
6.95874
7.37833
7.00956
7.78144
8.51668
7.75113
8.05587
8.52416
6.6996
6.25041
7.43026
7.34396
7.24272
6.39685
9.64612
7.50113
8.23636
7.30058
6.66139
7.86355
7.20888
5.60798
7.30794
6.70763
7.28715
8.08323
7.87161
8.19045
8.21632
7.44385
8.84238
8.55267
7.05284
7.25531
6.33175
6.98987
7.64286
8.90158
7.03721
8.70328
6.91034
6.97313
7.82053
7.10188
7.93219
6.59004
9.44118
7.09954
7.74702
7.49094
6.21659
8.05316
7.47745
6.92779
8.35912
7.44552
7.73606
8.56334
7.33845
7.33554
8.12695
9.18953
7.89348
8.02834
6.77027
7.80998
6.70139
7.06817
8.02347
7.69345
6.7026
8.41442
6.61296
6.25804
7.56703
6.42494
6.06703
6.91664
9.00892
7.86807
8.16223
7.90528
6.76117
6.98469
6.726
5.96025
7.82571
5.57084
7.48619
7.99542
7.73834
8.04482
7.57939
8.42292
7.92631
8.75107
7.41578
7.26071
7.31347
7.33668
8.67274
7.89458
7.83569
8.72848
7.04833
7.07682
7.46171
7.13961
7.12135
7.14089
9.5305
6.96686
8.45458
7.98698
6.51816
8.29066
7.39147
5.80983
8.3006
6.85937
7.29727
8.55395
7.88583
8.19711
7.46886
7.86448
9.56674
10.5818
7.49565
8.57042
8.0351
9.83345
9.40222
8.91664
9.25794
10.448
9.35249
7.30975
8.98999
8.52557
8.2448
7.01115
10.9225
8.51532
8.39546
9.3506
7.82812
10.2791
8.99597
6.69195
8.56035
8.35879
9.29986
10.2101
7.64907
8.21731
9.26066
8.8252
8.10452
7.48239
6.30674
6.98047
6.75604
7.73116
7.08271
7.87122
6.7454
8.1685
7.67335
5.73393
8.04979
7.20086
6.38402
6.01235
9.26291
7.04673
6.8921
7.80758
6.04441
7.12576
6.9074
5.53303
7.76284
6.15575
7.69486
7.99958
7.21589
7.07066
7.50978
7.89695
8.09439
8.45486
7.02102
7.26019
6.70029
7.70372
7.46565
8.36271
6.99655
8.5676
8.22446
6.84461
7.42495
7.06907
6.85486
6.36973
10.2359
7.78898
7.93404
7.51376
6.61247
7.64587
7.234
6.16125
8.35727
5.87302
8.21562
8.00388
6.97236
7.86043
7.8643
8.79376
9.09071
10.4424
8.00224
8.62844
7.96823
9.18106
9.47808
9.72908
8.73409
10.1101
8.63417
7.75694
8.8741
8.30367
8.2661
8.46686
10.694
8.6617
9.75157
8.83044
8.03555
10.3567
8.27011
7.10681
8.35231
7.85893
9.0192
10.0925
8.81006
8.854
9.82959
9.0676
7.85382
8.00503
6.84605
6.40965
7.02723
7.46161
7.67462
7.49306
7.95881
8.23981
7.09703
6.26343
7.16205
6.75928
7.53431
5.74589
8.74625
6.80836
7.09268
7.20814
5.99954
7.84882
6.9826
6.05781
7.44729
6.33264
7.62417
7.84451
6.56734
6.61986
7.78339
7.01949
8.43977
8.94422
6.6855
7.01699
6.35323
6.97287
8.0167
8.81759
7.32521
8.3442
6.90119
6.75721
7.60968
7.28051
7.66555
6.32045
8.94952
7.08288
7.84882
7.55676
5.57471
8.05535
7.51936
6.87172
7.39556
6.70495
7.82081
7.69371
7.30033
7.15902
7.95628
8.65618
8.91008
9.4497
8.00931
7.97152
7.95383
8.86881
9.07853
9.02187
7.8163
8.57352
8.85531
7.47085
8.42998
7.58087
8.01923
7.99589
10.362
8.01673
8.08353
9.51826
6.89184
9.11437
8.86459
7.65445
9.50173
6.98762
8.08684
9.22394
8.47261
8.77627
8.72054
9.64834
7.24896
8.83576
6.87766
7.31127
7.03937
7.46522
7.84953
7.8016
7.07206
8.21824
7.09155
6.93497
6.59184
6.6692
6.48731
6.25708
9.18251
7.79236
8.25422
7.45289
6.33262
8.17715
7.46466
6.46723
7.40201
6.15869
7.74518
8.55407
7.08099
7.68012
8.04005
8.07327
8.00769
8.2215
6.68457
7.26349
7.70175
7.97606
8.06915
8.00946
7.41383
9.00341
6.33133
6.40873
8.50604
7.02939
7.16096
6.41865
9.7368
7.12379
7.75693
8.83795
7.10444
7.75258
8.12036
7.02302
8.32656
6.48468
7.83232
8.19207
7.7897
6.91595
8.21656
8.88811
8.0463
7.8286
6.71669
7.1261
6.43093
8.08206
7.57384
7.84355
6.52475
7.79721
7.62288
6.16319
7.35898
5.89256
6.92013
6.47894
8.35684
7.05885
7.72625
7.88652
6.12536
7.18508
7.44838
5.72825
7.62069
6.27019
8.22862
7.71502
7.68453
7.77935
8.47146
8.28838
9.39909
8.4651
7.05761
8.58136
7.36219
7.80988
7.89195
8.93057
6.77818
8.33699
8.08073
6.30377
8.99797
6.85677
7.69496
7.05538
9.64402
7.86433
7.16793
8.41672
6.47283
7.66642
7.33679
7.16351
8.38622
6.07299
8.73855
8.942
7.79808
7.76837
8.48239
8.83283
7.96918
8.86125
6.64102
7.24316
7.12222
7.941
7.79159
7.43649
7.56567
8.38664
7.74053
6.38166
7.41415
6.50084
6.81644
6.40969
8.87101
6.8029
7.75301
7.22153
6.13775
8.31269
7.25929
5.52794
7.21707
6.48564
8.09802
8.20788
7.38215
7.57403
8.27438
7.18077
8.11624
8.6232
7.85616
6.81436
7.11296
8.39096
7.42238
8.01755
8.00608
8.4268
7.50842
6.73371
7.65397
7.2798
8.33571
6.50167
9.247
7.04771
7.5162
8.17548
6.8984
8.61772
7.2331
6.23412
8.49826
7.09407
7.16202
8.08187
7.41667
7.22156
8.18743
8.19871
9.66354
9.86788
8.80731
8.69667
8.72546
8.74682
9.55735
8.84884
9.08665
9.71291
8.68255
8.17986
9.47398
8.0044
8.92532
8.52974
10.3595
8.37685
8.48594
9.07669
7.78562
9.79324
7.69363
7.02071
9.63209
7.65302
8.45291
9.9851
8.78885
8.56059
9.09874
8.72015
8.55494
7.81098
6.3272
7.79014
7.00815
7.81835
7.79709
7.97639
6.74116
8.46682
8.12351
6.89801
8.46457
6.88593
5.96286
7.04549
9.03909
7.72184
7.33402
8.11812
6.24007
8.43374
7.15446
6.19046
8.46959
5.94191
8.59475
8.09375
7.59846
7.79025
7.94577
8.76821
