32 32
8.26481
8.81876
6.80525
8.05024
7.10191
9.34492
8.21217
7.29694
8.1382
8.46396
8.89764
9.42382
7.31224
8.52373
7.63842
9.25716
7.65356
7.90534
8.66416
7.5922
9.73573
8.10553
5.87759
7.09169
9.27278
7.11391
8.67203
9.20806
8.08812
7.34054
9.81687
10.1056
7.90741
8.78157
6.71498
7.70818
7.04303
8.56328
9.71577
6.98552
7.94721
8.89384
8.63654
8.82073
7.8977
7.72486
6.66658
9.53504
7.47439
8.15966
8.34642
8.54937
9.21221
7.53175
7.04218
6.58515
8.62662
7.87262
9.00987
8.67134
7.6667
7.3945
9.28768
10.2647
7.62005
7.275
6.03344
7.21505
6.19509
7.49635
6.90273
6.41355
6.75739
7.22904
7.06611
6.93167
5.87183
7.00726
6.5529
7.88783
7.12972
7.60059
6.69053
7.15313
6.80744
6.47141
6.22617
6.60868
7.8155
6.43332
7.63724
7.71339
6.12063
5.59278
8.56036
7.91508
7.47698
7.345
5.79838
5.32906
5.61775
7.17683
6.13027
5.65583
5.39843
6.30713
6.24945
6.49364
6.03846
5.86323
6.59021
7.40735
6.79115
6.46557
5.37503
7.35971
7.00572
6.81035
4.82261
5.30291
6.99356
5.50629
7.6714
7.20029
6.1222
5.51552
8.05934
7.77265
9.13665
8.83405
7.00361
7.84942
7.24204
9.18879
8.05216
7.98806
7.47693
8.86019
8.12295
8.64621
7.16317
7.50736
6.89018
9.40905
8.04774
7.9339
8.34049
8.44207
9.51838
8.36669
6.36385
7.67297
8.34943
8.01225
8.79983
9.41814
7.74364
6.90486
9.5599
9.32879
7.91499
7.85395
6.94028
6.94921
7.37539
7.90305
8.15923
7.99852
7.51114
8.34271
8.48077
8.12248
7.14615
7.46977
6.71318
9.17175
8.11038
7.73018
7.62107
8.03317
8.41003
7.4594
6.11438
7.03383
8.95188
7.79275
8.84368
8.57321
7.4672
6.51485
9.96399
9.06628
8.34337
8.17559
7.01187
8.27811
7.27194
8.52742
8.82275
7.82265
7.74198
9.04909
8.18091
9.17414
7.68976
8.06928
8.4531
9.53399
8.94768
8.74613
7.88053
8.73925
9.53703
7.91443
6.34719
7.21829
9.52281
8.53362
7.98365
10.0441
8.55276
6.69308
9.94779
9.72959
7.38605
7.35279
6.54026
7.14697
6.73768
6.43789
7.61669
7.17979
7.24446
8.42182
7.51436
8.13331
8.15262
7.38073
7.14986
9.55215
7.66683
6.53056
7.10831
7.34878
8.41725
7.03974
6.0973
6.82965
9.03509
7.16441
7.88758
8.90711
6.55982
6.3861
8.50236
8.59287
9.60294
10.8326
8.56179
8.72142
8.59212
10.0968
10.0756
8.98278
9.53268
10.0806
9.85296
10.6306
9.01808
9.83059
9.43624
10.6131
9.43604
8.9562
10.2232
9.85724
11.1411
9.35111
6.76419
7.78009
10.5857
9.06232
10.3707
11.2714
9.15335
8.08254
11.2378
10.3103
7.21983
8.1917
6.67053
6.97735
7.37215
7.58659
6.8899
6.92727
6.57584
7.57544
6.53024
7.53219
6.16703
6.96978
6.80298
8.32776
7.41502
7.20677
6.74166
6.75356
7.95625
7.56558
6.55689
6.52141
7.59524
5.88212
8.09795
7.94814
5.38891
6.7692
8.61908
9.53635
8.83399
9.27127
7.45573
9.0947
8.20081
9.46963
8.04063
8.77242
7.89196
8.69428
8.69603
9.7796
7.10239
8.19186
7.82125
8.72304
8.40672
7.62261
8.91171
8.94334
10.4023
8.49136
6.43664
8.01439
9.63892
8.72916
9.2453
9.38893
8.6336
6.8676
10.1428
8.81826
8.79151
9.18088
7.38365
8.94287
7.54414
9.56875
9.67215
8.18842
9.0474
9.0003
9.01864
8.98948
8.3824
8.80699
8.77543
9.67863
8.9211
8.56089
9.4689
9.59357
9.58275
9.1073
6.77011
7.66892
10.1597
8.25864
10.1738
10.3818
8.24523
7.39396
10.6298
9.82442
8.52918
8.09821
5.91566
7.41713
7.41487
8.66369
8.55521
8.12244
8.41684
7.70574
8.15728
9.36732
6.69505
7.54607
7.26966
9.30355
8.12395
7.69303
8.43499
8.46965
9.93384
8.83267
5.187
6.94857
9.39644
7.89627
8.63292
8.91968
8.3555
6.63332
9.7957
8.92233
7.66662
7.6998
5.99566
7.40259
6.18631
8.50723
7.24884
7.51985
6.86561
7.56027
7.79591
8.71643
6.8675
7.80623
7.11451
7.89777
7.32339
6.81965
7.66699
7.17362
8.54045
7.29655
5.40618
6.40977
8.08929
7.52897
7.64692
8.49438
7.36665
6.30865
8.93828
8.74808
8.55389
7.93129
6.84386
6.98516
6.44802
8.72556
7.5478
6.72946
7.2012
7.7966
7.06844
7.74152
6.53942
6.95315
7.07115
9.03379
7.94984
7.77453
7.4875
8.32093
8.3443
7.94685
5.94784
6.92581
8.63044
8.244
7.93976
9.4366
7.27831
6.7389
9.81561
8.51814
7.702
8.3921
5.85502
6.61655
6.74593
8.09619
7.17428
7.59637
6.93435
7.40039
7.3446
7.77636
6.82146
7.71039
6.75392
8.49203
7.12837
7.00916
7.18465
7.14722
8.13382
8.02787
5.57573
5.96101
7.46313
6.37418
8.75763
7.59973
6.45579
6.08106
9.20162
9.23908
8.15077
7.97348
6.27336
7.0177
6.24467
8.20513
7.77242
7.05892
7.81812
7.52052
7.81947
8.68791
7.24682
7.98584
7.70155
8.59253
7.98005
6.96329
7.7506
8.18869
8.49246
8.46851
5.59408
6.1328
8.75669
6.96049
8.24889
8.31796
7.44131
6.29895
8.98044
8.6675
9.04621
8.94958
6.98931
8.90691
7.9073
9.77235
9.40875
8.42447
8.2285
8.68429
9.31099
9.83475
8.44494
8.3653
7.81096
9.6418
8.54039
8.59645
8.8954
9.27389
10.0328
8.53703
6.41115
7.78704
10.059
8.32071
9.9118
10.4057
8.77454
7.49414
10.701
10.786
7.58864
8.15855
6.53397
7.03602
6.88042
7.38224
7.01671
6.98346
6.3034
7.25065
7.87646
7.63425
7.22275
7.11864
5.99525
8.21725
6.86009
6.88474
6.40281
7.83982
7.29318
6.44652
5.92601
6.39621
8.49442
7.05318
8.18894
8.33565
6.47439
6.06457
9.20802
8.85201
8.32069
8.17096
6.23097
7.42506
7.27095
8.12926
7.57039
7.62824
6.59472
7.69179
7.88989
8.05253
7.08552
7.09396
6.96403
8.78157
7.69251
6.89557
7.1637
8.19594
8.87759
7.82561
5.92748
6.86355
8.80669
7.53701
8.57235
8.97256
7.36813
6.87027
9.81933
8.8479
8.79419
8.24289
6.96323
8.265
7.89818
9.19619
8.28239
9.49338
8.195
8.77398
9.59572
9.89873
7.65049
8.64601
7.61849
9.84258
9.32785
7.92333
9.31919
8.53334
10.6073
9.00013
7.17603
7.83746
9.85545
8.74336
9.48318
10.1214
8.27334
7.72033
11.0935
10.8842
7.04902
6.89266
5.40727
6.68971
6.28104
7.04953
7.61988
6.53549
6.66955
7.74231
6.98565
8.13006
6.72516
6.75141
6.27258
7.67433
7.17056
7.03606
7.04816
7.24684
8.29168
6.34314
5.49111
5.8883
8.25718
6.70253
7.28456
8.24641
7.11909
6.07577
8.27827
8.51057
7.722
7.86158
6.46139
6.78141
5.88516
8.31437
7.35683
6.13464
7.77045
7.99605
7.84249
8.18714
6.71382
7.27052
6.99246
8.73818
7.42867
6.78225
7.95856
7.37111
8.76326
7.66754
5.7711
6.61795
8.32879
7.44489
7.67106
9.72313
7.18067
7.19871
8.99306
8.45365
9.60978
9.7659
7.04009
7.90289
7.56578
8.0597
8.99793
7.44299
8.36522
8.4246
9.30706
9.39298
7.26418
8.29947
7.77968
9.55887
8.02652
7.99174
8.09919
8.7483
8.85905
8.1265
6.38466
7.34966
9.46123
7.94081
9.88178
9.57826
8.53109
7.68911
10.2299
8.94439
8.14309
8.18527
6.14682
6.98784
6.89963
8.22172
7.31338
7.55152
6.67736
7.25334
7.22298
7.87733
6.65491
7.51702
7.06045
7.97921
7.69511
7.38241
7.51197
7.61103
9.11351
7.58225
5.98558
6.07898
8.09695
6.32788
8.58911
8.48955
6.58379
6.36788
9.39849
8.74501
7.31041
8.80789
7.06692
7.20197
7.57098
7.65371
7.97299
7.77425
7.39611
8.4873
7.81518
7.95894
6.84434
7.98921
6.68675
8.69609
7.49048
7.09783
7.95282
7.1476
8.69914
7.3113
6.08622
6.66139
8.51669
7.26095
8.36591
8.84998
6.58672
6.58526
9.39138
9.07193
7.88415
8.48962
5.96444
6.90892
6.64941
7.38489
6.79844
6.33584
7.19489
7.3263
7.18419
8.6425
6.68298
7.12392
6.08069
8.33269
6.94599
6.91002
6.92223
8.14368
8.21671
6.59811
4.85159
6.32337
8.27465
8.355
8.22532
8.12832
7.36187
5.83347
8.83424
7.94925
8.04112
8.74804
6.54258
7.9558
7.44907
8.56245
7.69981
7.04578
7.90649
8.43302
8.78819
8.76168
6.71829
7.63931
6.62743
8.77002
7.60511
7.28195
8.01828
7.66344
8.83468
7.67995
6.37065
7.05747
8.33934
7.7728
8.56258
9.28307
7.97741
6.75282
9.69859
8.92371
6.77305
7.43385
5.97558
7.43662
7.05066
7.9342
7.18916
6.9199
7.91637
7.40546
8.49122
9.21882
6.23014
7.41659
6.5113
8.2573
7.13604
6.25139
8.54323
7.37924
9.18714
7.65842
5.30793
6.74767
8.33401
7.44519
7.74936
8.07069
7.79067
6.95682
8.82078
8.30553
8.11747
7.62604
6.78191
6.76336
6.81126
6.72615
7.15759
7.1625
7.1393
7.59478
7.95162
8.71193
6.71808
6.88467
6.44122
8.55433
7.65355
7.35328
6.93335
8.1301
8.20889
6.29019
5.06464
7.06782
9.44824
8.42368
8.05696
9.12829
8.14849
6.79421
9.50263
8.17084
8.64879
7.97783
7.2825
8.28854
7.82573
8.55091
8.65084
8.31577
8.92579
8.75252
9.70294
10.2087
7.97921
8.17477
7.2184
9.53311
9.25958
8.48843
8.77626
8.70262
9.88341
8.41271
6.54217
7.57654
10.3416
8.38452
9.64149
9.93265
9.24361
7.14347
10.7182
10.201
7.14582
8.90845
6.76034
7.54528
7.59004
7.79917
8.25019
7.19022
8.09286
8.13207
8.46296
8.0716
7.0164
8.1284
6.58909
8.94995
6.931
7.55498
8.28173
7.71094
8.39014
7.90063
6.08412
6.63791
7.75053
6.63529
9.08372
8.69771
7.08297
6.97888
9.37365
9.2765
